# JRE version: Java(TM) SE Runtime Environment (8.0_201-b09) (build 1.8.0_201-b09)
# Java VM: Java HotSpot(TM) 64-Bit Server VM (25.201-b09 mixed mode windows-amd64 compressed oops)
Heap:
 PSYoungGen      total 76288K, used 4448K [0x000000076b380000, 0x0000000770880000, 0x00000007c0000000)
  eden space 65536K, 6% used [0x000000076b380000,0x000000076b7d81b0,0x000000076f380000)
  from space 10752K, 0% used [0x000000076fe00000,0x000000076fe00000,0x0000000770880000)
  to   space 10752K, 0% used [0x000000076f380000,0x000000076f380000,0x000000076fe00000)
 ParOldGen       total 125440K, used 14160K [0x00000006c1a00000, 0x00000006c9480000, 0x000000076b380000)
  object space 125440K, 11% used [0x00000006c1a00000,0x00000006c27d40f0,0x00000006c9480000)
 Metaspace       used 20656K, capacity 21502K, committed 21632K, reserved 1069056K
  class space    used 2492K, capacity 2866K, committed 2944K, reserved 1048576K
GC Heap History (6 events):
Event: 1.361 GC heap before
{Heap before GC invocations=1 (full 0):
 PSYoungGen      total 76288K, used 65536K [0x000000076b380000, 0x0000000770880000, 0x00000007c0000000)
  eden space 65536K, 100% used [0x000000076b380000,0x000000076f380000,0x000000076f380000)
  from space 10752K, 0% used [0x000000076fe00000,0x000000076fe00000,0x0000000770880000)
  to   space 10752K, 0% used [0x000000076f380000,0x000000076f380000,0x000000076fe00000)
 ParOldGen       total 175104K, used 0K [0x00000006c1a00000, 0x00000006cc500000, 0x000000076b380000)
  object space 175104K, 0% used [0x00000006c1a00000,0x00000006c1a00000,0x00000006cc500000)
 Metaspace       used 14713K, capacity 15166K, committed 15232K, reserved 1062912K
  class space    used 1693K, capacity 1877K, committed 1920K, reserved 1048576K
Event: 1.374 GC heap after
Heap after GC invocations=1 (full 0):
 PSYoungGen      total 76288K, used 10724K [0x000000076b380000, 0x0000000770880000, 0x00000007c0000000)
  eden space 65536K, 0% used [0x000000076b380000,0x000000076b380000,0x000000076f380000)
  from space 10752K, 99% used [0x000000076f380000,0x000000076fdf9000,0x000000076fe00000)
  to   space 10752K, 0% used [0x000000076fe00000,0x000000076fe00000,0x0000000770880000)
 ParOldGen       total 175104K, used 1553K [0x00000006c1a00000, 0x00000006cc500000, 0x000000076b380000)
  object space 175104K, 0% used [0x00000006c1a00000,0x00000006c1b846a0,0x00000006cc500000)
 Metaspace       used 14713K, capacity 15166K, committed 15232K, reserved 1062912K
  class space    used 1693K, capacity 1877K, committed 1920K, reserved 1048576K
}
Event: 2.999 GC heap before
{Heap before GC invocations=2 (full 0):
 PSYoungGen      total 76288K, used 53235K [0x000000076b380000, 0x0000000770880000, 0x00000007c0000000)
  eden space 65536K, 64% used [0x000000076b380000,0x000000076dd03cd8,0x000000076f380000)
  from space 10752K, 99% used [0x000000076f380000,0x000000076fdf9000,0x000000076fe00000)
  to   space 10752K, 0% used [0x000000076fe00000,0x000000076fe00000,0x0000000770880000)
 ParOldGen       total 175104K, used 1553K [0x00000006c1a00000, 0x00000006cc500000, 0x000000076b380000)
  object space 175104K, 0% used [0x00000006c1a00000,0x00000006c1b846a0,0x00000006cc500000)
 Metaspace       used 20417K, capacity 21172K, committed 21248K, reserved 1067008K
  class space    used 2442K, capacity 2796K, committed 2816K, reserved 1048576K
Event: 3.010 GC heap after
Heap after GC invocations=2 (full 0):
 PSYoungGen      total 76288K, used 10749K [0x000000076b380000, 0x0000000770880000, 0x00000007c0000000)
  eden space 65536K, 0% used [0x000000076b380000,0x000000076b380000,0x000000076f380000)
  from space 10752K, 99% used [0x000000076fe00000,0x000000077087f4d8,0x0000000770880000)
  to   space 10752K, 0% used [0x000000076f380000,0x000000076f380000,0x000000076fe00000)
 ParOldGen       total 175104K, used 5112K [0x00000006c1a00000, 0x00000006cc500000, 0x000000076b380000)
  object space 175104K, 2% used [0x00000006c1a00000,0x00000006c1efe088,0x00000006cc500000)
 Metaspace       used 20417K, capacity 21172K, committed 21248K, reserved 1067008K
  class space    used 2442K, capacity 2796K, committed 2816K, reserved 1048576K
}
Event: 3.010 GC heap before
{Heap before GC invocations=3 (full 1):
 PSYoungGen      total 76288K, used 10749K [0x000000076b380000, 0x0000000770880000, 0x00000007c0000000)
  eden space 65536K, 0% used [0x000000076b380000,0x000000076b380000,0x000000076f380000)
  from space 10752K, 99% used [0x000000076fe00000,0x000000077087f4d8,0x0000000770880000)
  to   space 10752K, 0% used [0x000000076f380000,0x000000076f380000,0x000000076fe00000)
 ParOldGen       total 175104K, used 5112K [0x00000006c1a00000, 0x00000006cc500000, 0x000000076b380000)
  object space 175104K, 2% used [0x00000006c1a00000,0x00000006c1efe088,0x00000006cc500000)
 Metaspace       used 20417K, capacity 21172K, committed 21248K, reserved 1067008K
  class space    used 2442K, capacity 2796K, committed 2816K, reserved 1048576K
Event: 3.052 GC heap after
Heap after GC invocations=3 (full 1):
 PSYoungGen      total 76288K, used 0K [0x000000076b380000, 0x0000000770880000, 0x00000007c0000000)
  eden space 65536K, 0% used [0x000000076b380000,0x000000076b380000,0x000000076f380000)
  from space 10752K, 0% used [0x000000076fe00000,0x000000076fe00000,0x0000000770880000)
  to   space 10752K, 0% used [0x000000076f380000,0x000000076f380000,0x000000076fe00000)
 ParOldGen       total 125440K, used 14160K [0x00000006c1a00000, 0x00000006c9480000, 0x000000076b380000)
  object space 125440K, 11% used [0x00000006c1a00000,0x00000006c27d40f0,0x00000006c9480000)
 Metaspace       used 20417K, capacity 21172K, committed 21248K, reserved 1067008K
  class space    used 2442K, capacity 2796K, committed 2816K, reserved 1048576K
}

