<?xml version="1.0" encoding="UTF-8"?>
<!-- Generated by org.testng.reporters.JUnitXMLReporter -->
<testsuite hostname="RACD-002157" ignored="1" name="Default test" tests="1" failures="0" timestamp="12 Apr 2019 11:57:51 GMT" time="4.266" errors="0">
  <testcase name="ValidateJSONValues" time="4.237" classname="com.qa.restapi.TestClass.GetAPITest"/>
  <testcase name="getRequest" time="0.0" classname="com.qa.restapi.TestClass.GetAPITest">
    <ignored/>
  </testcase> <!-- getRequest -->
</testsuite> <!-- Default test -->
