<?xml version="1.0" encoding="UTF-8"?>
<!-- Generated by org.testng.reporters.JUnitXMLReporter -->
<testsuite hostname="RACD-002157" ignored="2" name="Command line test" tests="1" failures="0" timestamp="15 Apr 2019 06:16:28 GMT" time="3.836" errors="0">
  <testcase name="getRequestAct" time="3.806" classname="com.qa.restapi.TestClass.GetAPITest"/>
  <testcase name="getRequest" time="0.0" classname="com.qa.restapi.TestClass.GetAPITest">
    <ignored/>
  </testcase> <!-- getRequest -->
  <testcase name="ValidateJSONValues" time="0.0" classname="com.qa.restapi.TestClass.GetAPITest">
    <ignored/>
  </testcase> <!-- ValidateJSONValues -->
</testsuite> <!-- Command line test -->
