<?xml version="1.0" encoding="UTF-8"?>
<!-- Generated by org.testng.reporters.JUnitXMLReporter -->
<testsuite hostname="RACD-002157" ignored="4" name="Command line test" tests="5" failures="0" timestamp="30 Apr 2019 09:22:36 GMT" time="5.774" errors="0">
  <testcase name="DELETAPITEST" time="1.661" classname="com.qa.restapi.TestClass.DELETTest"/>
  <testcase name="PostAPITest" time="1.229" classname="com.qa.restapi.TestClass.POSTTest"/>
  <testcase name="GetApiMethod" time="1.081" classname="com.qa.restapi.TestClass.ErgastApiTest"/>
  <testcase name="PUTAPITest" time="1.054" classname="com.qa.restapi.TestClass.PUTTest"/>
  <testcase name="GetJSONStringValues" time="0.726" classname="com.qa.restapi.TestClass.GETTest"/>
  <testcase name="ValidateJSONResponseCode" time="0.0" classname="com.qa.restapi.TestClass.GETTest">
    <ignored/>
  </testcase> <!-- ValidateJSONResponseCode -->
  <testcase name="getRequestAct" time="0.0" classname="com.qa.restapi.TestClass.GETTest">
    <ignored/>
  </testcase> <!-- getRequestAct -->
  <testcase name="GetJSONValuesFromArray" time="0.0" classname="com.qa.restapi.TestClass.GETTest">
    <ignored/>
  </testcase> <!-- GetJSONValuesFromArray -->
  <testcase name="getRequest" time="0.0" classname="com.qa.restapi.TestClass.GETTest">
    <ignored/>
  </testcase> <!-- getRequest -->
</testsuite> <!-- Command line test -->
