<?xml version="1.0" encoding="UTF-8"?>
<testng-results skipped="0" failed="0" ignored="2" total="3" passed="1">
  <reporter-output>
  </reporter-output>
  <suite name="com.qa.restapi.TestClass.GetAPITest" duration-ms="3836" started-at="2019-04-15T06:16:24Z" finished-at="2019-04-15T06:16:28Z">
    <groups>
    </groups>
    <test name="Command line test" duration-ms="3836" started-at="2019-04-15T06:16:24Z" finished-at="2019-04-15T06:16:28Z">
      <class name="com.qa.restapi.TestClass.GetAPITest">
        <test-method status="PASS" signature="SetUp()[pri:0, instance:com.qa.restapi.TestClass.GetAPITest@43a25848]" name="SetUp" is-config="true" duration-ms="9" started-at="2019-04-15T06:16:24Z" finished-at="2019-04-15T06:16:24Z">
          <reporter-output>
          </reporter-output>
        </test-method> <!-- SetUp -->
        <test-method status="PASS" signature="getRequestAct()[pri:3, instance:com.qa.restapi.TestClass.GetAPITest@43a25848]" name="getRequestAct" duration-ms="3806" started-at="2019-04-15T06:16:24Z" finished-at="2019-04-15T06:16:28Z">
          <reporter-output>
          </reporter-output>
        </test-method> <!-- getRequestAct -->
      </class> <!-- com.qa.restapi.TestClass.GetAPITest -->
    </test> <!-- Command line test -->
  </suite> <!-- com.qa.restapi.TestClass.GetAPITest -->
</testng-results>
