<?xml version="1.0" encoding="UTF-8"?>
<testng-results skipped="0" failed="0" ignored="4" total="9" passed="5">
  <reporter-output>
  </reporter-output>
  <suite name="Command line suite" duration-ms="5774" started-at="2019-04-30T09:22:30Z" finished-at="2019-04-30T09:22:36Z">
    <groups>
    </groups>
    <test name="Command line test" duration-ms="5774" started-at="2019-04-30T09:22:30Z" finished-at="2019-04-30T09:22:36Z">
      <class name="com.qa.restapi.TestClass.PUTTest">
        <test-method status="PASS" signature="PUTAPITest()[pri:0, instance:com.qa.restapi.TestClass.PUTTest@5f2050f6]" name="PUTAPITest" duration-ms="1054" started-at="2019-04-30T09:22:34Z" finished-at="2019-04-30T09:22:35Z">
          <reporter-output>
          </reporter-output>
        </test-method> <!-- PUTAPITest -->
      </class> <!-- com.qa.restapi.TestClass.PUTTest -->
      <class name="com.qa.restapi.TestClass.GETTest">
        <test-method status="PASS" signature="SetUp()[pri:0, instance:com.qa.restapi.TestClass.GETTest@42d3bd8b]" name="SetUp" is-config="true" duration-ms="0" started-at="2019-04-30T09:22:35Z" finished-at="2019-04-30T09:22:35Z">
          <reporter-output>
          </reporter-output>
        </test-method> <!-- SetUp -->
        <test-method status="PASS" signature="GetJSONStringValues()[pri:5, instance:com.qa.restapi.TestClass.GETTest@42d3bd8b]" name="GetJSONStringValues" duration-ms="726" started-at="2019-04-30T09:22:35Z" finished-at="2019-04-30T09:22:36Z">
          <reporter-output>
          </reporter-output>
        </test-method> <!-- GetJSONStringValues -->
      </class> <!-- com.qa.restapi.TestClass.GETTest -->
      <class name="com.qa.restapi.TestClass.POSTTest">
        <test-method status="PASS" signature="SetUp()[pri:0, instance:com.qa.restapi.TestClass.POSTTest@26ba2a48]" name="SetUp" is-config="true" duration-ms="1" started-at="2019-04-30T09:22:32Z" finished-at="2019-04-30T09:22:32Z">
          <reporter-output>
          </reporter-output>
        </test-method> <!-- SetUp -->
        <test-method status="PASS" signature="PostAPITest()[pri:0, instance:com.qa.restapi.TestClass.POSTTest@26ba2a48]" name="PostAPITest" duration-ms="1229" started-at="2019-04-30T09:22:32Z" finished-at="2019-04-30T09:22:33Z">
          <reporter-output>
          </reporter-output>
        </test-method> <!-- PostAPITest -->
      </class> <!-- com.qa.restapi.TestClass.POSTTest -->
      <class name="com.qa.restapi.TestClass.DELETTest">
        <test-method status="PASS" signature="DELETAPITEST()[pri:0, instance:com.qa.restapi.TestClass.DELETTest@38082d64]" name="DELETAPITEST" duration-ms="1661" started-at="2019-04-30T09:22:30Z" finished-at="2019-04-30T09:22:32Z">
          <reporter-output>
          </reporter-output>
        </test-method> <!-- DELETAPITEST -->
      </class> <!-- com.qa.restapi.TestClass.DELETTest -->
      <class name="com.qa.restapi.TestClass.ErgastApiTest">
        <test-method status="PASS" signature="setUpMethod()[pri:0, instance:com.qa.restapi.TestClass.ErgastApiTest@dfd3711]" name="setUpMethod" is-config="true" duration-ms="0" started-at="2019-04-30T09:22:33Z" finished-at="2019-04-30T09:22:33Z">
          <reporter-output>
          </reporter-output>
        </test-method> <!-- setUpMethod -->
        <test-method status="PASS" signature="GetApiMethod()[pri:0, instance:com.qa.restapi.TestClass.ErgastApiTest@dfd3711]" name="GetApiMethod" duration-ms="1081" started-at="2019-04-30T09:22:33Z" finished-at="2019-04-30T09:22:34Z">
          <reporter-output>
          </reporter-output>
        </test-method> <!-- GetApiMethod -->
      </class> <!-- com.qa.restapi.TestClass.ErgastApiTest -->
    </test> <!-- Command line test -->
  </suite> <!-- Command line suite -->
</testng-results>
