<?xml version="1.0" encoding="UTF-8"?>
<testng-results skipped="0" failed="0" ignored="0" total="1" passed="1">
  <reporter-output>
  </reporter-output>
  <suite name="Default suite" duration-ms="825" started-at="2019-04-17T11:47:15Z" finished-at="2019-04-17T11:47:16Z">
    <groups>
    </groups>
    <test name="Default test" duration-ms="825" started-at="2019-04-17T11:47:15Z" finished-at="2019-04-17T11:47:16Z">
      <class name="com.qa.restapi.TestClass.ErgastApiTest">
        <test-method status="PASS" signature="setUpMethod()[pri:0, instance:com.qa.restapi.TestClass.ErgastApiTest@482f8f11]" name="setUpMethod" is-config="true" duration-ms="0" started-at="2019-04-17T11:47:15Z" finished-at="2019-04-17T11:47:15Z">
          <reporter-output>
          </reporter-output>
        </test-method> <!-- setUpMethod -->
        <test-method status="PASS" signature="GetApiMethod()[pri:0, instance:com.qa.restapi.TestClass.ErgastApiTest@482f8f11]" name="GetApiMethod" duration-ms="809" started-at="2019-04-17T11:47:15Z" finished-at="2019-04-17T11:47:16Z">
          <reporter-output>
          </reporter-output>
        </test-method> <!-- GetApiMethod -->
      </class> <!-- com.qa.restapi.TestClass.ErgastApiTest -->
    </test> <!-- Default test -->
  </suite> <!-- Default suite -->
</testng-results>
